@version 1.0.2

----------------------------------------------------------------------
@version 1.0.1.4
-- EDIT:
- conditional showing of other platforms on about us

-- NEW:
- add autoplay on popup videos
- conditional showing of star and clock icon on hero section
- border on mobile menu
- add multipart videos on video post type

-- FIXED: 
- add familiar meeting section on home page
- fixing register problem
----------------------------------------------------------------------
@version 1.0.1.3
-- FIXED:
- fixing issue for responsive home page
----------------------------------------------------------------------
@version 1.0.1.2
-- FIXED:
. add customize panel for address in footer
----------------------------------------------------------------------
@version 1.0.1.1
-- NEW : 
. add map to footer => items.php

-- EDIT : 
. change footer column position. => items.php

-- FIXED : 
. responsive issue. => related.php
